<?xml version="1.0" encoding="UTF-8"?>
<!-- Generated by org.testng.reporters.JUnitReportReporter -->
<testsuite hostname="LAPTOP-O3R6MPBL" failures="0" tests="4" name="RoughSelenium.Webtables" time="11.071" errors="0" timestamp="2025-04-27T17:29:21 IST" skipped="3">
  <testcase classname="RoughSelenium.Webtables" name="secondDataTable" time="11.071"/>
  <testcase classname="RoughSelenium.Webtables" name="test2">
    <skipped/>
  </testcase> <!-- test2 -->
  <testcase classname="RoughSelenium.Webtables" name="webtableManipulation">
    <skipped/>
  </testcase> <!-- webtableManipulation -->
  <testcase classname="RoughSelenium.Webtables" name="WebTabletest">
    <skipped/>
  </testcase> <!-- WebTabletest -->
</testsuite> <!-- RoughSelenium.Webtables -->
