<?xml version="1.0" encoding="UTF-8"?>
<!-- Generated by org.testng.reporters.JUnitReportReporter -->
<testsuite hostname="LAPTOP-O3R6MPBL" failures="0" tests="1" name="Rough.Jsclass" time="21.555" errors="0" timestamp="2025-04-25T22:44:41 IST" skipped="0">
  <testcase classname="Rough.Jsclass" name="someTest" time="21.555"/>
</testsuite> <!-- Rough.Jsclass -->
