<?xml version="1.0" encoding="UTF-8"?>
<!-- Generated by org.testng.reporters.JUnitReportReporter -->
<testsuite hostname="LAPTOP-O3R6MPBL" failures="0" tests="1" name="com.qa.testcases.AdminPagetest" time="18.048" errors="0" timestamp="2025-03-21T16:26:55 IST" skipped="0">
  <testcase classname="com.qa.testcases.AdminPagetest" name="Initilizewebsite_test" time="18.048"/>
</testsuite> <!-- com.qa.testcases.AdminPagetest -->
