<?xml version="1.0" encoding="UTF-8"?>
<!-- Generated by org.testng.reporters.JUnitReportReporter -->
<testsuite hostname="LAPTOP-O3R6MPBL" failures="0" tests="3" name="Rough.DataProviderWithWExcel" time="0.010" errors="0" timestamp="2025-04-13T00:39:14 IST" skipped="0">
  <testcase classname="Rough.DataProviderWithWExcel" name="test1" time="0.001"/>
  <testcase classname="Rough.DataProviderWithWExcel" name="test1" time="0.008"/>
  <testcase classname="Rough.DataProviderWithWExcel" name="test1" time="0.001"/>
</testsuite> <!-- Rough.DataProviderWithWExcel -->
