<?xml version="1.0" encoding="UTF-8"?>
<!-- Generated by org.testng.reporters.JUnitReportReporter -->
<testsuite hostname="LAPTOP-O3R6MPBL" failures="0" tests="2" name="RoughSelenium.DataProviderTest" time="0.006" errors="0" timestamp="2025-04-27T00:15:50 IST" skipped="0">
  <testcase classname="RoughSelenium.DataProviderTest" name="logintest" time="0.005"/>
  <testcase classname="RoughSelenium.DataProviderTest" name="newTest" time="0.001"/>
</testsuite> <!-- RoughSelenium.DataProviderTest -->
