<?xml version="1.0" encoding="UTF-8"?>
<!-- Generated by org.testng.reporters.JUnitReportReporter -->
<testsuite hostname="LAPTOP-O3R6MPBL" failures="0" tests="2" name="com.qa.testcases.newroughtest" time="22.405" errors="0" timestamp="2025-01-28T02:04:32 IST" skipped="0">
  <testcase classname="com.qa.testcases.newroughtest" name="testGoogleHomePage" time="11.397"/>
  <testcase classname="com.qa.testcases.newroughtest" name="testGoogleHomePagea" time="11.008"/>
</testsuite> <!-- com.qa.testcases.newroughtest -->
