<?xml version="1.0" encoding="UTF-8"?>
<!-- Generated by org.testng.reporters.JUnitReportReporter -->
<testsuite hostname="LAPTOP-O3R6MPBL" failures="0" tests="1" name="RoughSelenium.AlertsClass" time="9.686" errors="0" timestamp="2025-05-02T15:55:42 IST" skipped="0">
  <testcase classname="RoughSelenium.AlertsClass" name="test1" time="9.686"/>
</testsuite> <!-- RoughSelenium.AlertsClass -->
