<?xml version="1.0" encoding="UTF-8"?>
<!-- Generated by org.testng.reporters.JUnitReportReporter -->
<testsuite hostname="LAPTOP-O3R6MPBL" failures="0" tests="2" name="com.qa.testcases.RoughTest" time="23.977" errors="0" timestamp="2025-01-28T01:54:57 IST" skipped="0">
  <testcase classname="com.qa.testcases.RoughTest" name="testGoogleHomePage" time="11.631"/>
  <testcase classname="com.qa.testcases.RoughTest" name="testGoogleHomePagea" time="12.346"/>
</testsuite> <!-- com.qa.testcases.RoughTest -->
