<?xml version="1.0" encoding="UTF-8"?>
<!-- Generated by org.testng.reporters.JUnitReportReporter -->
<testsuite hostname="LAPTOP-O3R6MPBL" failures="0" tests="1" name="com.qa.testcases.landingPageTest" time="20.294" errors="0" timestamp="2025-01-28T02:27:14 IST" skipped="0">
  <testcase classname="com.qa.testcases.landingPageTest" name="landingpage" time="20.294"/>
</testsuite> <!-- com.qa.testcases.landingPageTest -->
