<?xml version="1.0" encoding="UTF-8"?>
<!-- Generated by org.testng.reporters.JUnitReportReporter -->
<testsuite hostname="LAPTOP-O3R6MPBL" failures="0" tests="1" name="com.qa.testcases.AdminPagetest" time="14.947" errors="0" timestamp="2025-02-22T20:44:15 IST" skipped="0">
  <testcase classname="com.qa.testcases.AdminPagetest" name="Initilizewebsite_test" time="14.947"/>
</testsuite> <!-- com.qa.testcases.AdminPagetest -->
